ERROR - 2022-01-23 03:53:15 --> Error connecting to the database: No connection could be made because the target machine actively refused it
CRITICAL - 2022-01-23 03:53:15 --> Unable to connect to the database.
Main connection [MySQLi]: No connection could be made because the target machine actively refused it
#0 C:\xamppnew\htdocs\project\website-dei\vendor\codeigniter4\framework\system\Database\BaseConnection.php(577): CodeIgniter\Database\BaseConnection->initialize()
#1 C:\xamppnew\htdocs\project\website-dei\vendor\codeigniter4\framework\system\Database\BaseBuilder.php(1443): CodeIgniter\Database\BaseConnection->query('SELECT *\nFROM `...', Array, false)
#2 C:\xamppnew\htdocs\project\website-dei\vendor\codeigniter4\framework\system\Model.php(183): CodeIgniter\Database\BaseBuilder->get()
#3 C:\xamppnew\htdocs\project\website-dei\vendor\codeigniter4\framework\system\BaseModel.php(584): CodeIgniter\Model->doFindAll(0, 0)
#4 C:\xamppnew\htdocs\project\website-dei\app\Models\ProductModel.php(46): CodeIgniter\BaseModel->findAll()
#5 C:\xamppnew\htdocs\project\website-dei\app\Controllers\Products.php(23): App\Models\ProductModel->getProduct()
#6 C:\xamppnew\htdocs\project\website-dei\vendor\codeigniter4\framework\system\CodeIgniter.php(824): App\Controllers\Products->index()
#7 C:\xamppnew\htdocs\project\website-dei\vendor\codeigniter4\framework\system\CodeIgniter.php(410): CodeIgniter\CodeIgniter->runController(Object(App\Controllers\Products))
#8 C:\xamppnew\htdocs\project\website-dei\vendor\codeigniter4\framework\system\CodeIgniter.php(318): CodeIgniter\CodeIgniter->handleRequest(NULL, Object(Config\Cache), false)
#9 C:\xamppnew\htdocs\project\website-dei\public\index.php(37): CodeIgniter\CodeIgniter->run()
#10 C:\xamppnew\htdocs\project\website-dei\vendor\codeigniter4\framework\system\Commands\Server\rewrite.php(43): require_once('C:\\xamppnew\\htd...')
#11 {main}
ERROR - 2022-01-23 03:53:20 --> Error connecting to the database: No connection could be made because the target machine actively refused it
CRITICAL - 2022-01-23 03:53:20 --> Unable to connect to the database.
Main connection [MySQLi]: No connection could be made because the target machine actively refused it
#0 C:\xamppnew\htdocs\project\website-dei\vendor\codeigniter4\framework\system\Database\BaseConnection.php(577): CodeIgniter\Database\BaseConnection->initialize()
#1 C:\xamppnew\htdocs\project\website-dei\vendor\codeigniter4\framework\system\Database\BaseBuilder.php(1443): CodeIgniter\Database\BaseConnection->query('SELECT *\nFROM `...', Array, false)
#2 C:\xamppnew\htdocs\project\website-dei\vendor\codeigniter4\framework\system\Model.php(183): CodeIgniter\Database\BaseBuilder->get()
#3 C:\xamppnew\htdocs\project\website-dei\vendor\codeigniter4\framework\system\BaseModel.php(584): CodeIgniter\Model->doFindAll(0, 0)
#4 C:\xamppnew\htdocs\project\website-dei\app\Models\ProductModel.php(46): CodeIgniter\BaseModel->findAll()
#5 C:\xamppnew\htdocs\project\website-dei\app\Controllers\Products.php(23): App\Models\ProductModel->getProduct()
#6 C:\xamppnew\htdocs\project\website-dei\vendor\codeigniter4\framework\system\CodeIgniter.php(824): App\Controllers\Products->index()
#7 C:\xamppnew\htdocs\project\website-dei\vendor\codeigniter4\framework\system\CodeIgniter.php(410): CodeIgniter\CodeIgniter->runController(Object(App\Controllers\Products))
#8 C:\xamppnew\htdocs\project\website-dei\vendor\codeigniter4\framework\system\CodeIgniter.php(318): CodeIgniter\CodeIgniter->handleRequest(NULL, Object(Config\Cache), false)
#9 C:\xamppnew\htdocs\project\website-dei\public\index.php(37): CodeIgniter\CodeIgniter->run()
#10 C:\xamppnew\htdocs\project\website-dei\vendor\codeigniter4\framework\system\Commands\Server\rewrite.php(43): require_once('C:\\xamppnew\\htd...')
#11 {main}
