ERROR - 2021-11-24 05:38:32 --> Table 'dei.products' doesn't exist
CRITICAL - 2021-11-24 05:38:32 --> Table 'dei.products' doesn't exist
#0 C:\xamppnew\htdocs\project\website-dei\vendor\codeigniter4\framework\system\Database\MySQLi\Connection.php(292): mysqli->query('SELECT *\nFROM `...', 0)
#1 C:\xamppnew\htdocs\project\website-dei\vendor\codeigniter4\framework\system\Database\BaseConnection.php(670): CodeIgniter\Database\MySQLi\Connection->execute('SELECT *\nFROM `...')
#2 C:\xamppnew\htdocs\project\website-dei\vendor\codeigniter4\framework\system\Database\BaseConnection.php(598): CodeIgniter\Database\BaseConnection->simpleQuery('SELECT *\nFROM `...')
#3 C:\xamppnew\htdocs\project\website-dei\vendor\codeigniter4\framework\system\Database\BaseBuilder.php(1443): CodeIgniter\Database\BaseConnection->query('SELECT *\nFROM `...', Array, false)
#4 C:\xamppnew\htdocs\project\website-dei\vendor\codeigniter4\framework\system\Model.php(183): CodeIgniter\Database\BaseBuilder->get()
#5 C:\xamppnew\htdocs\project\website-dei\vendor\codeigniter4\framework\system\BaseModel.php(584): CodeIgniter\Model->doFindAll(0, 0)
#6 C:\xamppnew\htdocs\project\website-dei\app\Models\ProductModel.php(46): CodeIgniter\BaseModel->findAll()
#7 C:\xamppnew\htdocs\project\website-dei\app\Controllers\Products.php(22): App\Models\ProductModel->getProduct()
#8 C:\xamppnew\htdocs\project\website-dei\vendor\codeigniter4\framework\system\CodeIgniter.php(824): App\Controllers\Products->index()
#9 C:\xamppnew\htdocs\project\website-dei\vendor\codeigniter4\framework\system\CodeIgniter.php(410): CodeIgniter\CodeIgniter->runController(Object(App\Controllers\Products))
#10 C:\xamppnew\htdocs\project\website-dei\vendor\codeigniter4\framework\system\CodeIgniter.php(318): CodeIgniter\CodeIgniter->handleRequest(NULL, Object(Config\Cache), false)
#11 C:\xamppnew\htdocs\project\website-dei\public\index.php(37): CodeIgniter\CodeIgniter->run()
#12 C:\xamppnew\htdocs\project\website-dei\vendor\codeigniter4\framework\system\Commands\Server\rewrite.php(43): require_once('C:\\xamppnew\\htd...')
#13 {main}
CRITICAL - 2021-11-24 05:40:22 --> Invalid file: product/index.php
#0 C:\xamppnew\htdocs\project\website-dei\vendor\codeigniter4\framework\system\View\View.php(198): CodeIgniter\Exceptions\FrameworkException::forInvalidFile('product/index.p...')
#1 C:\xamppnew\htdocs\project\website-dei\vendor\codeigniter4\framework\system\Common.php(1097): CodeIgniter\View\View->render('product/index', Array, true)
#2 C:\xamppnew\htdocs\project\website-dei\app\Controllers\Products.php(25): view('product/index', Array)
#3 C:\xamppnew\htdocs\project\website-dei\vendor\codeigniter4\framework\system\CodeIgniter.php(824): App\Controllers\Products->index()
#4 C:\xamppnew\htdocs\project\website-dei\vendor\codeigniter4\framework\system\CodeIgniter.php(410): CodeIgniter\CodeIgniter->runController(Object(App\Controllers\Products))
#5 C:\xamppnew\htdocs\project\website-dei\vendor\codeigniter4\framework\system\CodeIgniter.php(318): CodeIgniter\CodeIgniter->handleRequest(NULL, Object(Config\Cache), false)
#6 C:\xamppnew\htdocs\project\website-dei\public\index.php(37): CodeIgniter\CodeIgniter->run()
#7 C:\xamppnew\htdocs\project\website-dei\vendor\codeigniter4\framework\system\Commands\Server\rewrite.php(43): require_once('C:\\xamppnew\\htd...')
#8 {main}
CRITICAL - 2021-11-24 05:44:41 --> Array and string offset access syntax with curly braces is no longer supported
#0 [internal function]: CodeIgniter\Debug\Exceptions->shutdownHandler()
#1 {main}
